[03:44:10:294068 --7:00] [Thread 6812] PLAYER: ( 76561198046913875 ) R Alpha 1-2:1 (Val) REMOTE SOLD ITEM: Exile_Chopper_Huey_Armed_Desert (ID# <null>) with Cargo ["Exile_Item_EMRE"] FOR 12527 POPTABS AND 1252.7 RESPECT | PLAYER TOTAL MONEY: 12527
[03:44:24:137715 --7:00] [Thread 6812] PLAYER: ( 76561198046913875 ) R Alpha 1-2:1 (Val) REMOTE SOLD ITEM H_CrewHelmetHeli_B FOR 75 POPTABS AND 7.5 RESPECT | PLAYER TOTAL MONEY: 12602
[03:45:27:344979 --7:00] [Thread 4056] PLAYER: ( 76561198046913875 ) R Alpha 1-2:1 (Val) REMOTE SOLD ITEM srifle_DMR_04_F FOR 365 POPTABS AND 36.5 RESPECT | PLAYER TOTAL MONEY: 12967
[03:45:41:490960 --7:00] [Thread 1420] PLAYER: ( 76561198046913875 ) R Alpha 1-2:1 (Val) REMOTE PURCHASED ITEM Exile_Weapon_LeeEnfield FOR 250 POPTABS | PLAYER TOTAL MONEY: 12717
[03:46:02:473753 --7:00] [Thread 4056] PLAYER: ( 76561198046913875 ) R Alpha 1-2:1 (Val) REMOTE PURCHASED ITEM optic_Arco FOR 100 POPTABS | PLAYER TOTAL MONEY: 12617
[03:46:05:767251 --7:00] [Thread 1420] PLAYER: ( 76561198046913875 ) R Alpha 1-2:1 (Val) REMOTE PURCHASED ITEM Exile_Magazine_10Rnd_303 FOR 20 POPTABS | PLAYER TOTAL MONEY: 12597
[03:46:29:531271 --7:00] [Thread 6812] PLAYER: ( 76561198046913875 ) R Alpha 1-2:1 (Val) REMOTE SOLD ITEM 10Rnd_127x54_Mag FOR 15 POPTABS AND 1.5 RESPECT | PLAYER TOTAL MONEY: 12612
[03:46:31:471972 --7:00] [Thread 1420] PLAYER: ( 76561198046913875 ) R Alpha 1-2:1 (Val) REMOTE SOLD ITEM 10Rnd_127x54_Mag FOR 15 POPTABS AND 1.5 RESPECT | PLAYER TOTAL MONEY: 12627
[03:46:51:463840 --7:00] [Thread 1420] PLAYER: ( 76561198046913875 ) R Alpha 1-2:1 (Val) REMOTE PURCHASED ITEM Exile_Magazine_10Rnd_303 FOR 20 POPTABS | PLAYER TOTAL MONEY: 12607
[03:46:53:237675 --7:00] [Thread 6812] PLAYER: ( 76561198046913875 ) R Alpha 1-2:1 (Val) REMOTE PURCHASED ITEM Exile_Magazine_10Rnd_303 FOR 20 POPTABS | PLAYER TOTAL MONEY: 12587
[03:46:56:166346 --7:00] [Thread 1420] PLAYER: ( 76561198046913875 ) R Alpha 1-2:1 (Val) REMOTE PURCHASED ITEM Exile_Magazine_10Rnd_303 FOR 20 POPTABS | PLAYER TOTAL MONEY: 12567
[03:47:10:802497 --7:00] [Thread 6812] PLAYER: ( 76561198046913875 ) R Alpha 1-2:1 (Val) REMOTE PURCHASED ITEM Exile_Magazine_10Rnd_303 FOR 20 POPTABS | PLAYER TOTAL MONEY: 12547
[04:01:00:901754 --7:00] [Thread 1420] PLAYER: ( 76561198046913875 ) R admin:2 (Val) REMOTE PURCHASED ITEM V_PlateCarrier1_rgr FOR 80 POPTABS | PLAYER TOTAL MONEY: 2507
[04:01:21:591252 --7:00] [Thread 3528] PLAYER: ( 76561198046913875 ) R admin:2 (Val) REMOTE PURCHASED ITEM B_AssaultPack_tna_F FOR 90 POPTABS | PLAYER TOTAL MONEY: 2417
[04:01:23:902996 --7:00] [Thread 1420] PLAYER: ( 76561198046913875 ) R admin:2 (Val) REMOTE PURCHASED ITEM B_AssaultPack_tna_F FOR 90 POPTABS | PLAYER TOTAL MONEY: 2327
[04:02:29:759556 --7:00] [Thread 5148] PLAYER: ( 76561198046913875 ) R admin:2 (Val) REMOTE SOLD ITEM B_AssaultPack_tna_F FOR 45 POPTABS AND 4.5 RESPECT | PLAYER TOTAL MONEY: 2372
[04:02:31:869149 --7:00] [Thread 3528] PLAYER: ( 76561198046913875 ) R admin:2 (Val) REMOTE SOLD ITEM B_OutdoorPack_tan FOR 40 POPTABS AND 4 RESPECT | PLAYER TOTAL MONEY: 2412
[04:03:15:176836 --7:00] [Thread 3528] PLAYER: ( 76561198003530549 ) R admin:3 (swemg) REMOTE SOLD ITEM: Exile_Chopper_Orca_BlackCustom (ID# <null>) with Cargo [] FOR 14000 POPTABS AND 1400 RESPECT | PLAYER TOTAL MONEY: 14000
[04:03:46:231581 --7:00] [Thread 3528] PLAYER: ( 76561198003530549 ) R admin:3 (swemg) REMOTE SOLD ITEM srifle_DMR_05_tan_f FOR 445 POPTABS AND 44.5 RESPECT | PLAYER TOTAL MONEY: 14445
[04:03:56:144913 --7:00] [Thread 1420] PLAYER: ( 76561198003530549 ) R admin:3 (swemg) REMOTE SOLD ITEM Exile_Item_DuctTape FOR 150 POPTABS AND 15 RESPECT | PLAYER TOTAL MONEY: 14595
[04:04:20:290074 --7:00] [Thread 3528] PLAYER: ( 76561198046913875 ) R admin:2 (Val) REMOTE PURCHASED ITEM U_OrestesBody FOR 40 POPTABS | PLAYER TOTAL MONEY: 2372
[04:04:33:957332 --7:00] [Thread 1420] PLAYER: ( 76561198046913875 ) R admin:2 (Val) REMOTE PURCHASED ITEM Exile_Headgear_SantaHat FOR 10 POPTABS | PLAYER TOTAL MONEY: 2362
[04:04:47:410166 --7:00] [Thread 3528] PLAYER: ( 76561198003530549 ) R admin:3 (swemg) REMOTE PURCHASED ITEM LMG_Zafir_F FOR 350 POPTABS | PLAYER TOTAL MONEY: 14245
[04:04:58:727917 --7:00] [Thread 1420] PLAYER: ( 76561198003530549 ) R admin:3 (swemg) REMOTE PURCHASED ITEM H_Shemag_olive_hs FOR 10 POPTABS | PLAYER TOTAL MONEY: 14235
[04:05:05:854834 --7:00] [Thread 3528] PLAYER: ( 76561198003530549 ) R admin:3 (swemg) REMOTE PURCHASED ITEM B_ViperHarness_ghex_F FOR 250 POPTABS | PLAYER TOTAL MONEY: 13985
[04:05:16:516094 --7:00] [Thread 5148] PLAYER: ( 76561198003530549 ) R admin:3 (swemg) REMOTE SOLD ITEM V_HarnessOSpec_brn FOR 20 POPTABS AND 2 RESPECT | PLAYER TOTAL MONEY: 14005
[04:05:25:570784 --7:00] [Thread 3528] PLAYER: ( 76561198003530549 ) R admin:3 (swemg) REMOTE PURCHASED ITEM V_HarnessO_ghex_F FOR 50 POPTABS | PLAYER TOTAL MONEY: 13955
[04:05:30:572879 --7:00] [Thread 3528] PLAYER: ( 76561198046913875 ) R admin:2 (Val) REMOTE PURCHASED ITEM Exile_Magazine_10Rnd_303 FOR 20 POPTABS | PLAYER TOTAL MONEY: 2342
[04:05:31:032708 --7:00] [Thread 5148] PLAYER: ( 76561198003530549 ) R admin:3 (swemg) REMOTE PURCHASED ITEM Exile_Item_InstaDoc FOR 1250 POPTABS | PLAYER TOTAL MONEY: 12705
[04:05:31:783283 --7:00] [Thread 3528] PLAYER: ( 76561198003530549 ) R admin:3 (swemg) REMOTE PURCHASED ITEM Exile_Item_Vishpirin FOR 300 POPTABS | PLAYER TOTAL MONEY: 12405
[04:05:32:440900 --7:00] [Thread 5148] PLAYER: ( 76561198046913875 ) R admin:2 (Val) REMOTE PURCHASED ITEM Exile_Magazine_10Rnd_303 FOR 20 POPTABS | PLAYER TOTAL MONEY: 2322
[04:05:33:451151 --7:00] [Thread 3528] PLAYER: ( 76561198046913875 ) R admin:2 (Val) REMOTE PURCHASED ITEM Exile_Magazine_10Rnd_303 FOR 20 POPTABS | PLAYER TOTAL MONEY: 2302
[04:05:34:458103 --7:00] [Thread 5148] PLAYER: ( 76561198046913875 ) R admin:2 (Val) REMOTE PURCHASED ITEM Exile_Magazine_10Rnd_303 FOR 20 POPTABS | PLAYER TOTAL MONEY: 2282
[04:05:35:412843 --7:00] [Thread 3528] PLAYER: ( 76561198046913875 ) R admin:2 (Val) REMOTE PURCHASED ITEM Exile_Magazine_10Rnd_303 FOR 20 POPTABS | PLAYER TOTAL MONEY: 2262
[04:05:36:060926 --7:00] [Thread 5148] PLAYER: ( 76561198046913875 ) R admin:2 (Val) REMOTE PURCHASED ITEM Exile_Magazine_10Rnd_303 FOR 20 POPTABS | PLAYER TOTAL MONEY: 2242
[04:05:37:400852 --7:00] [Thread 3528] PLAYER: ( 76561198046913875 ) R admin:2 (Val) REMOTE PURCHASED ITEM Exile_Magazine_10Rnd_303 FOR 20 POPTABS | PLAYER TOTAL MONEY: 2222
[04:05:37:551282 --7:00] [Thread 5148] PLAYER: ( 76561198003530549 ) R admin:3 (swemg) REMOTE PURCHASED ITEM 150Rnd_762x54_Box FOR 20 POPTABS | PLAYER TOTAL MONEY: 12385
[04:05:37:863590 --7:00] [Thread 3528] PLAYER: ( 76561198003530549 ) R admin:3 (swemg) REMOTE PURCHASED ITEM 150Rnd_762x54_Box FOR 20 POPTABS | PLAYER TOTAL MONEY: 12365
[04:05:38:195826 --7:00] [Thread 5148] PLAYER: ( 76561198003530549 ) R admin:3 (swemg) REMOTE PURCHASED ITEM 150Rnd_762x54_Box FOR 20 POPTABS | PLAYER TOTAL MONEY: 12345
[04:05:38:533735 --7:00] [Thread 3528] PLAYER: ( 76561198003530549 ) R admin:3 (swemg) REMOTE PURCHASED ITEM 150Rnd_762x54_Box FOR 20 POPTABS | PLAYER TOTAL MONEY: 12325
[04:05:38:822562 --7:00] [Thread 5148] PLAYER: ( 76561198003530549 ) R admin:3 (swemg) REMOTE PURCHASED ITEM 150Rnd_762x54_Box FOR 20 POPTABS | PLAYER TOTAL MONEY: 12305
[04:05:39:132851 --7:00] [Thread 3528] PLAYER: ( 76561198003530549 ) R admin:3 (swemg) REMOTE PURCHASED ITEM 150Rnd_762x54_Box FOR 20 POPTABS | PLAYER TOTAL MONEY: 12285
[04:05:39:501132 --7:00] [Thread 5148] PLAYER: ( 76561198003530549 ) R admin:3 (swemg) REMOTE PURCHASED ITEM 150Rnd_762x54_Box FOR 20 POPTABS | PLAYER TOTAL MONEY: 12265
[04:05:43:289936 --7:00] [Thread 3528] PLAYER: ( 76561198003530549 ) R admin:3 (swemg) REMOTE PURCHASED ITEM acc_flashlight FOR 4 POPTABS | PLAYER TOTAL MONEY: 12261
[04:05:49:399332 --7:00] [Thread 5148] PLAYER: ( 76561198003530549 ) R admin:3 (swemg) REMOTE PURCHASED ITEM bipod_02_F_hex FOR 10 POPTABS | PLAYER TOTAL MONEY: 12251
[04:06:00:552081 --7:00] [Thread 3528] PLAYER: ( 76561198003530549 ) R admin:3 (swemg) REMOTE PURCHASED ITEM optic_ERCO_snd_F FOR 125 POPTABS | PLAYER TOTAL MONEY: 12126
[04:06:07:197263 --7:00] [Thread 5148] PLAYER: ( 76561198003530549 ) R admin:3 (swemg) REMOTE PURCHASED ITEM optic_LRPS FOR 300 POPTABS | PLAYER TOTAL MONEY: 11826
[04:06:51:415612 --7:00] [Thread 3528] PLAYER: ( 76561198003530549 ) R admin:3 (swemg) REMOTE PURCHASED ITEM hgun_Rook40_F FOR 50 POPTABS | PLAYER TOTAL MONEY: 11776
[04:06:55:188116 --7:00] [Thread 5148] PLAYER: ( 76561198003530549 ) R admin:3 (swemg) REMOTE PURCHASED ITEM 16Rnd_9x21_Mag FOR 20 POPTABS | PLAYER TOTAL MONEY: 11756
[04:06:55:503871 --7:00] [Thread 3528] PLAYER: ( 76561198003530549 ) R admin:3 (swemg) REMOTE PURCHASED ITEM 16Rnd_9x21_Mag FOR 20 POPTABS | PLAYER TOTAL MONEY: 11736
[04:06:55:826325 --7:00] [Thread 5148] PLAYER: ( 76561198003530549 ) R admin:3 (swemg) REMOTE PURCHASED ITEM 16Rnd_9x21_Mag FOR 20 POPTABS | PLAYER TOTAL MONEY: 11716
[04:06:56:088805 --7:00] [Thread 3528] PLAYER: ( 76561198003530549 ) R admin:3 (swemg) REMOTE PURCHASED ITEM 16Rnd_9x21_Mag FOR 20 POPTABS | PLAYER TOTAL MONEY: 11696
[04:07:29:029770 --7:00] [Thread 5148] PLAYER: ( 76561198003530549 ) R admin:3 (swemg) REMOTE PURCHASED ITEM muzzle_snds_L FOR 10 POPTABS | PLAYER TOTAL MONEY: 11686
[04:08:50:598976 --7:00] [Thread 5148] PLAYER: ( 76561198003530549 ) R admin:3 (swemg) REMOTE PURCHASED ITEM O_NVGoggles_hex_F FOR 150 POPTABS | PLAYER TOTAL MONEY: 1536
[04:08:51:701758 --7:00] [Thread 3528] PLAYER: ( 76561198003530549 ) R admin:3 (swemg) REMOTE PURCHASED ITEM Rangefinder FOR 200 POPTABS | PLAYER TOTAL MONEY: 1336
[04:08:53:122815 --7:00] [Thread 5148] PLAYER: ( 76561198003530549 ) R admin:3 (swemg) REMOTE PURCHASED ITEM ItemGPS FOR 40 POPTABS | PLAYER TOTAL MONEY: 1296
[04:08:56:183117 --7:00] [Thread 3528] PLAYER: ( 76561198003530549 ) R admin:3 (swemg) REMOTE PURCHASED ITEM Exile_Item_CanOpener FOR 80 POPTABS | PLAYER TOTAL MONEY: 1216
[04:09:21:339472 --7:00] [Thread 5148] PLAYER: ( 76561198003530549 ) R admin:3 (swemg) REMOTE PURCHASED ITEM Exile_Weapon_M1014 FOR 200 POPTABS | PLAYER TOTAL MONEY: 1016
[04:09:25:067224 --7:00] [Thread 3528] PLAYER: ( 76561198003530549 ) R admin:3 (swemg) REMOTE PURCHASED ITEM Exile_Magazine_8Rnd_74Slug FOR 20 POPTABS | PLAYER TOTAL MONEY: 996
[04:09:25:325785 --7:00] [Thread 5148] PLAYER: ( 76561198003530549 ) R admin:3 (swemg) REMOTE PURCHASED ITEM Exile_Magazine_8Rnd_74Slug FOR 20 POPTABS | PLAYER TOTAL MONEY: 976
[04:09:25:568973 --7:00] [Thread 3528] PLAYER: ( 76561198003530549 ) R admin:3 (swemg) REMOTE PURCHASED ITEM Exile_Magazine_8Rnd_74Slug FOR 20 POPTABS | PLAYER TOTAL MONEY: 956
[04:09:25:885249 --7:00] [Thread 5148] PLAYER: ( 76561198003530549 ) R admin:3 (swemg) REMOTE PURCHASED ITEM Exile_Magazine_8Rnd_74Slug FOR 20 POPTABS | PLAYER TOTAL MONEY: 936
[04:09:26:149818 --7:00] [Thread 3528] PLAYER: ( 76561198003530549 ) R admin:3 (swemg) REMOTE PURCHASED ITEM Exile_Magazine_8Rnd_74Slug FOR 20 POPTABS | PLAYER TOTAL MONEY: 916
[04:09:26:462795 --7:00] [Thread 5148] PLAYER: ( 76561198003530549 ) R admin:3 (swemg) REMOTE PURCHASED ITEM Exile_Magazine_8Rnd_74Slug FOR 20 POPTABS | PLAYER TOTAL MONEY: 896
[04:09:26:735471 --7:00] [Thread 3528] PLAYER: ( 76561198003530549 ) R admin:3 (swemg) REMOTE PURCHASED ITEM Exile_Magazine_8Rnd_74Slug FOR 20 POPTABS | PLAYER TOTAL MONEY: 876
[04:09:27:046431 --7:00] [Thread 5148] PLAYER: ( 76561198003530549 ) R admin:3 (swemg) REMOTE PURCHASED ITEM Exile_Magazine_8Rnd_74Slug FOR 20 POPTABS | PLAYER TOTAL MONEY: 856
[04:09:27:347249 --7:00] [Thread 3528] PLAYER: ( 76561198003530549 ) R admin:3 (swemg) REMOTE PURCHASED ITEM Exile_Magazine_8Rnd_74Slug FOR 20 POPTABS | PLAYER TOTAL MONEY: 836
[04:09:27:723894 --7:00] [Thread 5148] PLAYER: ( 76561198003530549 ) R admin:3 (swemg) REMOTE PURCHASED ITEM Exile_Magazine_8Rnd_74Slug FOR 20 POPTABS | PLAYER TOTAL MONEY: 816
[04:09:28:041395 --7:00] [Thread 3528] PLAYER: ( 76561198003530549 ) R admin:3 (swemg) REMOTE PURCHASED ITEM Exile_Magazine_8Rnd_74Slug FOR 20 POPTABS | PLAYER TOTAL MONEY: 796
[04:09:28:338124 --7:00] [Thread 5148] PLAYER: ( 76561198003530549 ) R admin:3 (swemg) REMOTE PURCHASED ITEM Exile_Magazine_8Rnd_74Slug FOR 20 POPTABS | PLAYER TOTAL MONEY: 776
[04:09:28:662614 --7:00] [Thread 3528] PLAYER: ( 76561198003530549 ) R admin:3 (swemg) REMOTE PURCHASED ITEM Exile_Magazine_8Rnd_74Slug FOR 20 POPTABS | PLAYER TOTAL MONEY: 756
[04:09:29:023010 --7:00] [Thread 5148] PLAYER: ( 76561198003530549 ) R admin:3 (swemg) REMOTE PURCHASED ITEM Exile_Magazine_8Rnd_74Slug FOR 20 POPTABS | PLAYER TOTAL MONEY: 736
[04:09:29:425873 --7:00] [Thread 3528] PLAYER: ( 76561198003530549 ) R admin:3 (swemg) REMOTE PURCHASED ITEM Exile_Magazine_8Rnd_74Slug FOR 20 POPTABS | PLAYER TOTAL MONEY: 716
[04:09:29:648871 --7:00] [Thread 5148] PLAYER: ( 76561198003530549 ) R admin:3 (swemg) REMOTE PURCHASED ITEM Exile_Magazine_8Rnd_74Slug FOR 20 POPTABS | PLAYER TOTAL MONEY: 696
[04:09:30:040517 --7:00] [Thread 3528] PLAYER: ( 76561198003530549 ) R admin:3 (swemg) REMOTE PURCHASED ITEM Exile_Magazine_8Rnd_74Slug FOR 20 POPTABS | PLAYER TOTAL MONEY: 676
[04:09:30:370786 --7:00] [Thread 5148] PLAYER: ( 76561198003530549 ) R admin:3 (swemg) REMOTE PURCHASED ITEM Exile_Magazine_8Rnd_74Slug FOR 20 POPTABS | PLAYER TOTAL MONEY: 656
[04:09:30:673832 --7:00] [Thread 3528] PLAYER: ( 76561198003530549 ) R admin:3 (swemg) REMOTE PURCHASED ITEM Exile_Magazine_8Rnd_74Slug FOR 20 POPTABS | PLAYER TOTAL MONEY: 636
[04:09:31:043314 --7:00] [Thread 5148] PLAYER: ( 76561198003530549 ) R admin:3 (swemg) REMOTE PURCHASED ITEM Exile_Magazine_8Rnd_74Slug FOR 20 POPTABS | PLAYER TOTAL MONEY: 616
[04:09:31:375462 --7:00] [Thread 3528] PLAYER: ( 76561198003530549 ) R admin:3 (swemg) REMOTE PURCHASED ITEM Exile_Magazine_8Rnd_74Slug FOR 20 POPTABS | PLAYER TOTAL MONEY: 596
[04:09:31:820740 --7:00] [Thread 5148] PLAYER: ( 76561198003530549 ) R admin:3 (swemg) REMOTE PURCHASED ITEM Exile_Magazine_8Rnd_74Slug FOR 20 POPTABS | PLAYER TOTAL MONEY: 576
[04:09:32:066223 --7:00] [Thread 3528] PLAYER: ( 76561198003530549 ) R admin:3 (swemg) REMOTE PURCHASED ITEM Exile_Magazine_8Rnd_74Slug FOR 20 POPTABS | PLAYER TOTAL MONEY: 556
[04:09:32:409336 --7:00] [Thread 5148] PLAYER: ( 76561198003530549 ) R admin:3 (swemg) REMOTE PURCHASED ITEM Exile_Magazine_8Rnd_74Slug FOR 20 POPTABS | PLAYER TOTAL MONEY: 536
[04:09:32:771309 --7:00] [Thread 3528] PLAYER: ( 76561198003530549 ) R admin:3 (swemg) REMOTE PURCHASED ITEM Exile_Magazine_8Rnd_74Slug FOR 20 POPTABS | PLAYER TOTAL MONEY: 516
[04:09:33:128307 --7:00] [Thread 5148] PLAYER: ( 76561198003530549 ) R admin:3 (swemg) REMOTE PURCHASED ITEM Exile_Magazine_8Rnd_74Slug FOR 20 POPTABS | PLAYER TOTAL MONEY: 496
[04:09:33:498581 --7:00] [Thread 3528] PLAYER: ( 76561198003530549 ) R admin:3 (swemg) REMOTE PURCHASED ITEM Exile_Magazine_8Rnd_74Slug FOR 20 POPTABS | PLAYER TOTAL MONEY: 476
[04:09:33:803425 --7:00] [Thread 5148] PLAYER: ( 76561198003530549 ) R admin:3 (swemg) REMOTE PURCHASED ITEM Exile_Magazine_8Rnd_74Slug FOR 20 POPTABS | PLAYER TOTAL MONEY: 456
[04:09:34:126980 --7:00] [Thread 3528] PLAYER: ( 76561198003530549 ) R admin:3 (swemg) REMOTE PURCHASED ITEM Exile_Magazine_8Rnd_74Slug FOR 20 POPTABS | PLAYER TOTAL MONEY: 436
[04:09:34:466320 --7:00] [Thread 5148] PLAYER: ( 76561198003530549 ) R admin:3 (swemg) REMOTE PURCHASED ITEM Exile_Magazine_8Rnd_74Slug FOR 20 POPTABS | PLAYER TOTAL MONEY: 416
[04:09:34:786295 --7:00] [Thread 3528] PLAYER: ( 76561198003530549 ) R admin:3 (swemg) REMOTE PURCHASED ITEM Exile_Magazine_8Rnd_74Slug FOR 20 POPTABS | PLAYER TOTAL MONEY: 396
[04:09:35:199642 --7:00] [Thread 5148] PLAYER: ( 76561198003530549 ) R admin:3 (swemg) REMOTE PURCHASED ITEM Exile_Magazine_8Rnd_74Slug FOR 20 POPTABS | PLAYER TOTAL MONEY: 376
[04:09:35:503336 --7:00] [Thread 3528] PLAYER: ( 76561198003530549 ) R admin:3 (swemg) REMOTE PURCHASED ITEM Exile_Magazine_8Rnd_74Slug FOR 20 POPTABS | PLAYER TOTAL MONEY: 356
[04:09:35:859246 --7:00] [Thread 5148] PLAYER: ( 76561198003530549 ) R admin:3 (swemg) REMOTE PURCHASED ITEM Exile_Magazine_8Rnd_74Slug FOR 20 POPTABS | PLAYER TOTAL MONEY: 336
[04:09:36:184501 --7:00] [Thread 3528] PLAYER: ( 76561198003530549 ) R admin:3 (swemg) REMOTE PURCHASED ITEM Exile_Magazine_8Rnd_74Slug FOR 20 POPTABS | PLAYER TOTAL MONEY: 316
[04:09:36:504462 --7:00] [Thread 5148] PLAYER: ( 76561198003530549 ) R admin:3 (swemg) REMOTE PURCHASED ITEM Exile_Magazine_8Rnd_74Slug FOR 20 POPTABS | PLAYER TOTAL MONEY: 296
[04:09:36:874634 --7:00] [Thread 3528] PLAYER: ( 76561198003530549 ) R admin:3 (swemg) REMOTE PURCHASED ITEM Exile_Magazine_8Rnd_74Slug FOR 20 POPTABS | PLAYER TOTAL MONEY: 276
[04:09:37:225657 --7:00] [Thread 5148] PLAYER: ( 76561198003530549 ) R admin:3 (swemg) REMOTE PURCHASED ITEM Exile_Magazine_8Rnd_74Slug FOR 20 POPTABS | PLAYER TOTAL MONEY: 256
[04:09:37:545601 --7:00] [Thread 3528] PLAYER: ( 76561198003530549 ) R admin:3 (swemg) REMOTE PURCHASED ITEM Exile_Magazine_8Rnd_74Slug FOR 20 POPTABS | PLAYER TOTAL MONEY: 236
[04:09:37:944174 --7:00] [Thread 5148] PLAYER: ( 76561198003530549 ) R admin:3 (swemg) REMOTE PURCHASED ITEM Exile_Magazine_8Rnd_74Slug FOR 20 POPTABS | PLAYER TOTAL MONEY: 216
[04:10:19:263490 --7:00] [Thread 3528] PLAYER: ( 76561198003530549 ) R admin:3 (swemg) REMOTE PURCHASED ITEM O_NVGoggles_hex_F FOR 150 POPTABS | PLAYER TOTAL MONEY: 66
[04:12:44:916580 --7:00] [Thread 5148] PLAYER: ( 76561198003530549 ) R admin:3 (swemg) REMOTE PURCHASED ITEM Exile_Item_InstaDoc FOR 1250 POPTABS | PLAYER TOTAL MONEY: 3816
[04:12:45:237652 --7:00] [Thread 3528] PLAYER: ( 76561198003530549 ) R admin:3 (swemg) REMOTE PURCHASED ITEM Exile_Item_InstaDoc FOR 1250 POPTABS | PLAYER TOTAL MONEY: 2566
[04:12:45:518192 --7:00] [Thread 5148] PLAYER: ( 76561198003530549 ) R admin:3 (swemg) REMOTE PURCHASED ITEM Exile_Item_InstaDoc FOR 1250 POPTABS | PLAYER TOTAL MONEY: 1316
[04:12:45:849229 --7:00] [Thread 3528] PLAYER: ( 76561198003530549 ) R admin:3 (swemg) REMOTE PURCHASED ITEM Exile_Item_InstaDoc FOR 1250 POPTABS | PLAYER TOTAL MONEY: 66
[04:25:28:815854 --7:00] [Thread 3528] PLAYER: ( 76561198109559631 ) R admin:1 (Kharmavirus) REMOTE SOLD ITEM Exile_Item_BBQSandwich FOR 10 POPTABS AND 1 RESPECT | PLAYER TOTAL MONEY: 3010
[04:25:34:105190 --7:00] [Thread 6812] PLAYER: ( 76561198109559631 ) R admin:1 (Kharmavirus) REMOTE SOLD ITEM optic_Yorris FOR 5 POPTABS AND 0.5 RESPECT | PLAYER TOTAL MONEY: 3015
[04:26:32:110344 --7:00] [Thread 1420] PLAYER: ( 76561198109559631 ) R admin:1 (Kharmavirus) REMOTE SOLD ITEM Exile_Item_Cheathas FOR 9 POPTABS AND 0.9 RESPECT | PLAYER TOTAL MONEY: 3024
[04:26:38:296144 --7:00] [Thread 1420] PLAYER: ( 76561198109559631 ) R admin:1 (Kharmavirus) REMOTE PURCHASED ITEM V_PlateCarrier1_rgr FOR 80 POPTABS | PLAYER TOTAL MONEY: 2944
[04:27:16:565717 --7:00] [Thread 3528] PLAYER: ( 76561198109559631 ) R admin:1 (Kharmavirus) REMOTE PURCHASED ITEM B_AssaultPack_tna_F FOR 90 POPTABS | PLAYER TOTAL MONEY: 2854
[04:27:58:299448 --7:00] [Thread 6812] PLAYER: ( 76561198109559631 ) R admin:1 (Kharmavirus) REMOTE SOLD ITEM B_OutdoorPack_blk FOR 40 POPTABS AND 4 RESPECT | PLAYER TOTAL MONEY: 2894
[04:27:59:847397 --7:00] [Thread 1420] PLAYER: ( 76561198109559631 ) R admin:1 (Kharmavirus) REMOTE SOLD ITEM V_Rangemaster_belt FOR 3 POPTABS AND 0.3 RESPECT | PLAYER TOTAL MONEY: 2897
[04:28:45:657540 --7:00] [Thread 3528] PLAYER: ( 76561198109559631 ) R admin:1 (Kharmavirus) REMOTE PURCHASED ITEM optic_ERCO_khk_F FOR 125 POPTABS | PLAYER TOTAL MONEY: 2772
[04:29:05:989677 --7:00] [Thread 1420] PLAYER: ( 76561198003530549 ) R admin:4 (swemg) REMOTE SOLD ITEM: Exile_Car_Ifrit (ID# <null>) with Cargo ["Exile_Item_PlasticBottleEmpty","Exile_Magazine_10Rnd_303","Exile_Magazine_10Rnd_303","Exile_Magazine_10Rnd_303","Exile_Magazine_10Rnd_303","Exile_Magazine_10Rnd_303","Exile_Magazine_10Rnd_303","Exile_Magazine_10Rnd_303","Exile_Magazine_10Rnd_303","Exile_Magazine_10Rnd_303","Exile_Magazine_10Rnd_303","Exile_Magazine_8Rnd_74Slug","10Rnd_762x54_Mag","10Rnd_762x54_Mag","10Rnd_762x54_Mag","Exile_Weapon_LeeEnfield","optic_Arco","Exile_Magazine_10Rnd_303","Exile_Uniform_BambiOverall","Exile_Uniform_BambiOverall"] FOR 11844 POPTABS AND 1184.4 RESPECT | PLAYER TOTAL MONEY: 11864
[04:29:19:119344 --7:00] [Thread 6812] PLAYER: ( 76561198109559631 ) R admin:1 (Kharmavirus) REMOTE PURCHASED ITEM hgun_P07_khk_F FOR 65 POPTABS | PLAYER TOTAL MONEY: 2707
[04:29:36:533754 --7:00] [Thread 1420] PLAYER: ( 76561198003530549 ) R admin:4 (swemg) REMOTE PURCHASED VEHICLE Exile_Car_UAZ_Green FOR 7000 POPTABS | PLAYER TOTAL MONEY: 4864
[04:30:03:566698 --7:00] [Thread 6812] PLAYER: ( 76561198003530549 ) R admin:4 (swemg) REMOTE PURCHASED ITEM muzzle_snds_B_khk_F FOR 50 POPTABS | PLAYER TOTAL MONEY: 4814
[04:30:04:860577 --7:00] [Thread 3528] PLAYER: ( 76561198003530549 ) R admin:4 (swemg) REMOTE PURCHASED ITEM muzzle_snds_B_khk_F FOR 50 POPTABS | PLAYER TOTAL MONEY: 4764
[04:30:05:712871 --7:00] [Thread 6812] PLAYER: ( 76561198003530549 ) R admin:4 (swemg) REMOTE PURCHASED ITEM muzzle_snds_B_khk_F FOR 50 POPTABS | PLAYER TOTAL MONEY: 4714
[04:30:18:980636 --7:00] [Thread 1420] PLAYER: ( 76561198003530549 ) R admin:4 (swemg) REMOTE SOLD ITEM muzzle_snds_B_khk_F FOR 25 POPTABS AND 2.5 RESPECT | PLAYER TOTAL MONEY: 4739
[04:30:19:836002 --7:00] [Thread 6812] PLAYER: ( 76561198003530549 ) R admin:4 (swemg) REMOTE SOLD ITEM muzzle_snds_B_khk_F FOR 25 POPTABS AND 2.5 RESPECT | PLAYER TOTAL MONEY: 4764
[04:30:37:549168 --7:00] [Thread 3528] PLAYER: ( 76561198109559631 ) R admin:1 (Kharmavirus) REMOTE PURCHASED ITEM 10Rnd_9x21_Mag FOR 10 POPTABS | PLAYER TOTAL MONEY: 2697
[04:30:38:362406 --7:00] [Thread 6812] PLAYER: ( 76561198109559631 ) R admin:1 (Kharmavirus) REMOTE PURCHASED ITEM 10Rnd_9x21_Mag FOR 10 POPTABS | PLAYER TOTAL MONEY: 2687
[04:30:46:073350 --7:00] [Thread 3528] PLAYER: ( 76561198003530549 ) R admin:4 (swemg) REMOTE PURCHASED ITEM 20Rnd_762x51_Mag FOR 20 POPTABS | PLAYER TOTAL MONEY: 4744
[04:30:46:362389 --7:00] [Thread 3528] PLAYER: ( 76561198003530549 ) R admin:4 (swemg) REMOTE PURCHASED ITEM 20Rnd_762x51_Mag FOR 20 POPTABS | PLAYER TOTAL MONEY: 4724
[04:30:46:675873 --7:00] [Thread 6812] PLAYER: ( 76561198003530549 ) R admin:4 (swemg) REMOTE PURCHASED ITEM 20Rnd_762x51_Mag FOR 20 POPTABS | PLAYER TOTAL MONEY: 4704
[04:30:46:993724 --7:00] [Thread 3528] PLAYER: ( 76561198003530549 ) R admin:4 (swemg) REMOTE PURCHASED ITEM 20Rnd_762x51_Mag FOR 20 POPTABS | PLAYER TOTAL MONEY: 4684
[04:30:47:319803 --7:00] [Thread 6812] PLAYER: ( 76561198003530549 ) R admin:4 (swemg) REMOTE PURCHASED ITEM 20Rnd_762x51_Mag FOR 20 POPTABS | PLAYER TOTAL MONEY: 4664
[04:30:47:650560 --7:00] [Thread 3528] PLAYER: ( 76561198003530549 ) R admin:4 (swemg) REMOTE PURCHASED ITEM 20Rnd_762x51_Mag FOR 20 POPTABS | PLAYER TOTAL MONEY: 4644
[04:30:48:006298 --7:00] [Thread 6812] PLAYER: ( 76561198003530549 ) R admin:4 (swemg) REMOTE PURCHASED ITEM 20Rnd_762x51_Mag FOR 20 POPTABS | PLAYER TOTAL MONEY: 4624
[04:30:48:333768 --7:00] [Thread 3528] PLAYER: ( 76561198003530549 ) R admin:4 (swemg) REMOTE PURCHASED ITEM 20Rnd_762x51_Mag FOR 20 POPTABS | PLAYER TOTAL MONEY: 4604
[04:30:48:656961 --7:00] [Thread 6812] PLAYER: ( 76561198003530549 ) R admin:4 (swemg) REMOTE PURCHASED ITEM 20Rnd_762x51_Mag FOR 20 POPTABS | PLAYER TOTAL MONEY: 4584
[04:30:48:936851 --7:00] [Thread 3528] PLAYER: ( 76561198003530549 ) R admin:4 (swemg) REMOTE PURCHASED ITEM 20Rnd_762x51_Mag FOR 20 POPTABS | PLAYER TOTAL MONEY: 4564
[04:30:49:264922 --7:00] [Thread 6812] PLAYER: ( 76561198003530549 ) R admin:4 (swemg) REMOTE PURCHASED ITEM 20Rnd_762x51_Mag FOR 20 POPTABS | PLAYER TOTAL MONEY: 4544
[04:31:49:405107 --7:00] [Thread 3528] PLAYER: ( 76561198003530549 ) R admin:4 (swemg) REMOTE PURCHASED ITEM optic_AMS_khk FOR 300 POPTABS | PLAYER TOTAL MONEY: 4244
[04:31:53:399646 --7:00] [Thread 6812] PLAYER: ( 76561198003530549 ) R admin:4 (swemg) REMOTE PURCHASED ITEM bipod_01_F_mtp FOR 10 POPTABS | PLAYER TOTAL MONEY: 4234
[04:32:01:168656 --7:00] [Thread 1420] PLAYER: ( 76561198109559631 ) R admin:1 (Kharmavirus) REMOTE SOLD ITEM optic_Aco_smg FOR 35 POPTABS AND 3.5 RESPECT | PLAYER TOTAL MONEY: 2722
[04:32:03:830973 --7:00] [Thread 3528] PLAYER: ( 76561198109559631 ) R admin:1 (Kharmavirus) REMOTE SOLD ITEM 10Rnd_9x21_Mag FOR 5 POPTABS AND 0.5 RESPECT | PLAYER TOTAL MONEY: 2727
[04:32:05:103579 --7:00] [Thread 1420] PLAYER: ( 76561198109559631 ) R admin:1 (Kharmavirus) REMOTE SOLD ITEM 10Rnd_9x21_Mag FOR 5 POPTABS AND 0.5 RESPECT | PLAYER TOTAL MONEY: 2732
[04:32:29:001683 --7:00] [Thread 6812] PLAYER: ( 76561198109559631 ) R admin:1 (Kharmavirus) REMOTE SOLD ITEM optic_ERCO_khk_F FOR 62 POPTABS AND 6.2 RESPECT | PLAYER TOTAL MONEY: 2794
[04:33:03:832351 --7:00] [Thread 3528] PLAYER: ( 76561198003530549 ) R admin:4 (swemg) REMOTE SOLD ITEM U_BG_Guerilla1_1 FOR 20 POPTABS AND 2 RESPECT | PLAYER TOTAL MONEY: 5020
[04:33:26:328341 --7:00] [Thread 1420] PLAYER: ( 76561198003530549 ) R admin:4 (swemg) REMOTE PURCHASED ITEM Exile_Uniform_Woodland FOR 150 POPTABS | PLAYER TOTAL MONEY: 4870
[04:33:41:928733 --7:00] [Thread 3528] PLAYER: ( 76561198003530549 ) R admin:4 (swemg) REMOTE PURCHASED ITEM Exile_Uniform_Woodland FOR 150 POPTABS | PLAYER TOTAL MONEY: 4720
[04:34:29:495944 --7:00] [Thread 1420] PLAYER: ( 76561198109559631 ) R admin:1 (Kharmavirus) REMOTE PURCHASED ITEM H_Shemag_olive FOR 10 POPTABS | PLAYER TOTAL MONEY: 2784
[04:34:55:243258 --7:00] [Thread 1420] PLAYER: ( 76561198003530549 ) R admin:4 (swemg) REMOTE PURCHASED ITEM O_NVGoggles_ghex_F FOR 150 POPTABS | PLAYER TOTAL MONEY: 4570
[04:34:55:708441 --7:00] [Thread 3528] PLAYER: ( 76561198003530549 ) R admin:4 (swemg) REMOTE PURCHASED ITEM O_NVGoggles_ghex_F FOR 150 POPTABS | PLAYER TOTAL MONEY: 4420
[04:34:59:061929 --7:00] [Thread 6812] PLAYER: ( 76561198003530549 ) R admin:4 (swemg) REMOTE SOLD ITEM O_NVGoggles_ghex_F FOR 75 POPTABS AND 7.5 RESPECT | PLAYER TOTAL MONEY: 4495
[04:35:08:332688 --7:00] [Thread 1420] PLAYER: ( 76561198003530549 ) R admin:4 (swemg) REMOTE PURCHASED ITEM O_NVGoggles_ghex_F FOR 150 POPTABS | PLAYER TOTAL MONEY: 4345
[04:35:09:219454 --7:00] [Thread 3528] PLAYER: ( 76561198003530549 ) R admin:4 (swemg) REMOTE PURCHASED ITEM O_NVGoggles_ghex_F FOR 150 POPTABS | PLAYER TOTAL MONEY: 4195
[04:35:26:360446 --7:00] [Thread 1420] PLAYER: ( 76561198003530549 ) R admin:4 (swemg) REMOTE PURCHASED ITEM O_NVGoggles_ghex_F FOR 150 POPTABS | PLAYER TOTAL MONEY: 4045
[04:36:50:895208 --7:00] [Thread 3528] PLAYER: ( 76561198003530549 ) R admin:4 (swemg) REMOTE PURCHASED ITEM Exile_Item_EMRE FOR 54 POPTABS | PLAYER TOTAL MONEY: 3991
[04:36:51:598161 --7:00] [Thread 1420] PLAYER: ( 76561198003530549 ) R admin:4 (swemg) REMOTE PURCHASED ITEM Exile_Item_EMRE FOR 54 POPTABS | PLAYER TOTAL MONEY: 3937
[10:37:51:253100 --7:00] [Thread 460] PLAYER: ( 76561198003530549 ) R admin:2 (swemg) REMOTE PURCHASED VEHICLE Exile_Car_UAZ_Green FOR 7000 POPTABS | PLAYER TOTAL MONEY: 1000
[10:45:11:687084 --7:00] [Thread 3180] PLAYER: ( 76561198109559631 ) R admin:1 (Kharmavirus) REMOTE SOLD ITEM: Exile_Chopper_Orca_Black (ID# <null>) with Cargo [] FOR 14000 POPTABS AND 1400 RESPECT | PLAYER TOTAL MONEY: 14070
[10:45:16:477653 --7:00] [Thread 3180] PLAYER: ( 76561198109559631 ) R admin:1 (Kharmavirus) REMOTE SOLD ITEM: Exile_Car_Offroad_Red (ID# <null>) with Cargo [] FOR 8000 POPTABS AND 800 RESPECT | PLAYER TOTAL MONEY: 22070
[10:46:45:973663 --7:00] [Thread 5812] PLAYER: ( 76561198109559631 ) R admin:1 (Kharmavirus) REMOTE PURCHASED ITEM H_Booniehat_tna_F FOR 4 POPTABS | PLAYER TOTAL MONEY: 12124
[10:46:54:896274 --7:00] [Thread 3180] PLAYER: ( 76561198109559631 ) R admin:1 (Kharmavirus) REMOTE SOLD ITEM SMG_02_F FOR 75 POPTABS AND 7.5 RESPECT | PLAYER TOTAL MONEY: 12199
[10:46:56:690114 --7:00] [Thread 6844] PLAYER: ( 76561198109559631 ) R admin:1 (Kharmavirus) REMOTE SOLD ITEM 30Rnd_9x21_Mag_SMG_02_Tracer_Green FOR 7 POPTABS AND 0.7 RESPECT | PLAYER TOTAL MONEY: 12206
[10:47:01:266215 --7:00] [Thread 3180] PLAYER: ( 76561198109559631 ) R admin:1 (Kharmavirus) REMOTE SOLD ITEM 30Rnd_556x45_Stanag FOR 10 POPTABS AND 1 RESPECT | PLAYER TOTAL MONEY: 12216
[10:47:02:277949 --7:00] [Thread 6844] PLAYER: ( 76561198109559631 ) R admin:1 (Kharmavirus) REMOTE SOLD ITEM Exile_Item_Noodles FOR 7 POPTABS AND 0.7 RESPECT | PLAYER TOTAL MONEY: 12223
[10:47:03:923161 --7:00] [Thread 5812] PLAYER: ( 76561198109559631 ) R admin:1 (Kharmavirus) REMOTE SOLD ITEM 30Rnd_556x45_Stanag FOR 10 POPTABS AND 1 RESPECT | PLAYER TOTAL MONEY: 12233
[10:47:08:821821 --7:00] [Thread 3180] PLAYER: ( 76561198109559631 ) R admin:1 (Kharmavirus) REMOTE SOLD ITEM ItemGPS FOR 20 POPTABS AND 2 RESPECT | PLAYER TOTAL MONEY: 12253
[10:47:10:828818 --7:00] [Thread 5812] PLAYER: ( 76561198109559631 ) R admin:1 (Kharmavirus) REMOTE SOLD ITEM 30Rnd_45ACP_Mag_SMG_01_Tracer_Green FOR 5 POPTABS AND 0.5 RESPECT | PLAYER TOTAL MONEY: 12258
[10:47:12:229052 --7:00] [Thread 3180] PLAYER: ( 76561198109559631 ) R admin:1 (Kharmavirus) REMOTE SOLD ITEM 16Rnd_9x21_Mag FOR 10 POPTABS AND 1 RESPECT | PLAYER TOTAL MONEY: 12268
[10:47:13:782776 --7:00] [Thread 6844] PLAYER: ( 76561198109559631 ) R admin:1 (Kharmavirus) REMOTE SOLD ITEM 16Rnd_9x21_Mag FOR 10 POPTABS AND 1 RESPECT | PLAYER TOTAL MONEY: 12278
[10:47:18:662605 --7:00] [Thread 5812] PLAYER: ( 76561198109559631 ) R admin:1 (Kharmavirus) REMOTE SOLD ITEM optic_Yorris FOR 5 POPTABS AND 0.5 RESPECT | PLAYER TOTAL MONEY: 12283
[10:47:34:429257 --7:00] [Thread 5812] PLAYER: ( 76561198109559631 ) R admin:1 (Kharmavirus) REMOTE PURCHASED ITEM G_Balaclava_TI_tna_F FOR 15 POPTABS | PLAYER TOTAL MONEY: 12268
[10:48:34:882467 --7:00] [Thread 3180] PLAYER: ( 76561198109559631 ) R admin:1 (Kharmavirus) REMOTE PURCHASED ITEM U_IG_Guerilla3_1 FOR 40 POPTABS | PLAYER TOTAL MONEY: 12228
[10:48:58:987984 --7:00] [Thread 6844] PLAYER: ( 76561198109559631 ) R admin:1 (Kharmavirus) REMOTE SOLD ITEM U_IG_Guerilla3_1 FOR 20 POPTABS AND 2 RESPECT | PLAYER TOTAL MONEY: 12248
[10:49:15:442724 --7:00] [Thread 6844] PLAYER: ( 76561198109559631 ) R admin:1 (Kharmavirus) REMOTE PURCHASED ITEM U_B_CTRG_Soldier_F FOR 40 POPTABS | PLAYER TOTAL MONEY: 12208
[10:49:54:588868 --7:00] [Thread 6844] PLAYER: ( 76561198109559631 ) R admin:1 (Kharmavirus) REMOTE PURCHASED ITEM V_PlateCarrier1_rgr_noflag_F FOR 50 POPTABS | PLAYER TOTAL MONEY: 12158
[10:50:42:383483 --7:00] [Thread 5812] PLAYER: ( 76561198109559631 ) R admin:1 (Kharmavirus) REMOTE SOLD ITEM Exile_Uniform_BambiOverall FOR 1 POPTABS AND 0.1 RESPECT | PLAYER TOTAL MONEY: 12159
[10:50:45:075427 --7:00] [Thread 6844] PLAYER: ( 76561198109559631 ) R admin:1 (Kharmavirus) REMOTE SOLD ITEM B_OutdoorPack_tan FOR 40 POPTABS AND 4 RESPECT | PLAYER TOTAL MONEY: 12199
[10:50:54:927686 --7:00] [Thread 5812] PLAYER: ( 76561198109559631 ) R admin:1 (Kharmavirus) REMOTE PURCHASED ITEM B_ViperLightHarness_oli_F FOR 200 POPTABS | PLAYER TOTAL MONEY: 11999
[10:51:17:438040 --7:00] [Thread 3180] PLAYER: ( 76561198109559631 ) R admin:1 (Kharmavirus) REMOTE SOLD ITEM arifle_SPAR_01_snd_F FOR 210 POPTABS AND 21 RESPECT | PLAYER TOTAL MONEY: 12209
[10:51:19:751943 --7:00] [Thread 6844] PLAYER: ( 76561198109559631 ) R admin:1 (Kharmavirus) REMOTE SOLD ITEM hgun_Rook40_F FOR 35 POPTABS AND 3.5 RESPECT | PLAYER TOTAL MONEY: 12244
[10:51:25:921914 --7:00] [Thread 5812] PLAYER: ( 76561198109559631 ) R admin:1 (Kharmavirus) REMOTE SOLD ITEM H_Shemag_olive FOR 5 POPTABS AND 0.5 RESPECT | PLAYER TOTAL MONEY: 12249
[10:52:44:421401 --7:00] [Thread 3180] PLAYER: ( 76561198109559631 ) R admin:1 (Kharmavirus) REMOTE PURCHASED ITEM arifle_MXM_khk_F FOR 500 POPTABS | PLAYER TOTAL MONEY: 11749
[10:52:54:236934 --7:00] [Thread 5812] PLAYER: ( 76561198109559631 ) R admin:1 (Kharmavirus) REMOTE PURCHASED ITEM hgun_P07_khk_F FOR 65 POPTABS | PLAYER TOTAL MONEY: 11684
[10:53:04:575730 --7:00] [Thread 3180] PLAYER: ( 76561198109559631 ) R admin:1 (Kharmavirus) REMOTE PURCHASED ITEM muzzle_snds_L FOR 10 POPTABS | PLAYER TOTAL MONEY: 11674
[10:53:15:142543 --7:00] [Thread 5812] PLAYER: ( 76561198109559631 ) R admin:1 (Kharmavirus) REMOTE PURCHASED ITEM muzzle_snds_65_TI_ghex_F FOR 75 POPTABS | PLAYER TOTAL MONEY: 11599
[10:53:25:295644 --7:00] [Thread 3180] PLAYER: ( 76561198109559631 ) R admin:1 (Kharmavirus) REMOTE PURCHASED ITEM optic_Arco_blk_F FOR 100 POPTABS | PLAYER TOTAL MONEY: 11499
[10:53:39:081170 --7:00] [Thread 5812] PLAYER: ( 76561198109559631 ) R admin:1 (Kharmavirus) REMOTE PURCHASED ITEM bipod_03_F_blk FOR 10 POPTABS | PLAYER TOTAL MONEY: 11489
[10:54:25:638526 --7:00] [Thread 3180] PLAYER: ( 76561198109559631 ) R admin:1 (Kharmavirus) REMOTE PURCHASED ITEM 30Rnd_9x21_Mag_SMG_02_Tracer_Green FOR 15 POPTABS | PLAYER TOTAL MONEY: 11474
[10:54:41:606518 --7:00] [Thread 6844] PLAYER: ( 76561198109559631 ) R admin:1 (Kharmavirus) REMOTE SOLD ITEM 30Rnd_9x21_Mag_SMG_02_Tracer_Green FOR 7 POPTABS AND 0.7 RESPECT | PLAYER TOTAL MONEY: 11481
[10:54:48:677341 --7:00] [Thread 3180] PLAYER: ( 76561198109559631 ) R admin:1 (Kharmavirus) REMOTE PURCHASED ITEM 30Rnd_9x21_Mag_SMG_02 FOR 10 POPTABS | PLAYER TOTAL MONEY: 11471
[10:55:00:630709 --7:00] [Thread 5812] PLAYER: ( 76561198109559631 ) R admin:1 (Kharmavirus) REMOTE SOLD ITEM 30Rnd_9x21_Mag_SMG_02 FOR 5 POPTABS AND 0.5 RESPECT | PLAYER TOTAL MONEY: 11476
[10:55:38:794866 --7:00] [Thread 6844] PLAYER: ( 76561198109559631 ) R admin:1 (Kharmavirus) REMOTE PURCHASED ITEM 30Rnd_9x21_Mag FOR 40 POPTABS | PLAYER TOTAL MONEY: 11436
[10:55:40:477530 --7:00] [Thread 5812] PLAYER: ( 76561198109559631 ) R admin:1 (Kharmavirus) REMOTE PURCHASED ITEM 16Rnd_9x21_Mag FOR 20 POPTABS | PLAYER TOTAL MONEY: 11416
[10:55:55:368825 --7:00] [Thread 3180] PLAYER: ( 76561198109559631 ) R admin:1 (Kharmavirus) REMOTE SOLD ITEM 16Rnd_9x21_Mag FOR 10 POPTABS AND 1 RESPECT | PLAYER TOTAL MONEY: 11426
[10:56:09:587062 --7:00] [Thread 3180] PLAYER: ( 76561198109559631 ) R admin:1 (Kharmavirus) REMOTE PURCHASED ITEM 30Rnd_9x21_Red_Mag FOR 40 POPTABS | PLAYER TOTAL MONEY: 11386
[10:56:10:729503 --7:00] [Thread 5812] PLAYER: ( 76561198109559631 ) R admin:1 (Kharmavirus) REMOTE PURCHASED ITEM 30Rnd_9x21_Red_Mag FOR 40 POPTABS | PLAYER TOTAL MONEY: 11346
[10:56:11:959486 --7:00] [Thread 3180] PLAYER: ( 76561198109559631 ) R admin:1 (Kharmavirus) REMOTE PURCHASED ITEM 30Rnd_9x21_Red_Mag FOR 40 POPTABS | PLAYER TOTAL MONEY: 11306
[10:56:13:148777 --7:00] [Thread 5812] PLAYER: ( 76561198109559631 ) R admin:1 (Kharmavirus) REMOTE PURCHASED ITEM 30Rnd_9x21_Red_Mag FOR 40 POPTABS | PLAYER TOTAL MONEY: 11266
[10:56:17:625980 --7:00] [Thread 3180] PLAYER: ( 76561198109559631 ) R admin:1 (Kharmavirus) REMOTE PURCHASED ITEM 30Rnd_65x39_caseless_mag_Tracer FOR 30 POPTABS | PLAYER TOTAL MONEY: 11236
[10:56:20:237682 --7:00] [Thread 5812] PLAYER: ( 76561198109559631 ) R admin:1 (Kharmavirus) REMOTE PURCHASED ITEM 30Rnd_65x39_caseless_mag FOR 20 POPTABS | PLAYER TOTAL MONEY: 11216
[10:56:21:498556 --7:00] [Thread 3180] PLAYER: ( 76561198109559631 ) R admin:1 (Kharmavirus) REMOTE PURCHASED ITEM 30Rnd_65x39_caseless_mag FOR 20 POPTABS | PLAYER TOTAL MONEY: 11196
[10:56:22:422825 --7:00] [Thread 5812] PLAYER: ( 76561198109559631 ) R admin:1 (Kharmavirus) REMOTE PURCHASED ITEM 30Rnd_65x39_caseless_mag FOR 20 POPTABS | PLAYER TOTAL MONEY: 11176
[10:56:23:250910 --7:00] [Thread 3180] PLAYER: ( 76561198109559631 ) R admin:1 (Kharmavirus) REMOTE PURCHASED ITEM 30Rnd_65x39_caseless_mag FOR 20 POPTABS | PLAYER TOTAL MONEY: 11156
[10:56:24:160174 --7:00] [Thread 5812] PLAYER: ( 76561198109559631 ) R admin:1 (Kharmavirus) REMOTE PURCHASED ITEM 30Rnd_65x39_caseless_mag FOR 20 POPTABS | PLAYER TOTAL MONEY: 11136
[10:56:28:937043 --7:00] [Thread 3180] PLAYER: ( 76561198109559631 ) R admin:1 (Kharmavirus) REMOTE PURCHASED ITEM 30Rnd_65x39_caseless_mag FOR 20 POPTABS | PLAYER TOTAL MONEY: 11116
[10:56:30:180028 --7:00] [Thread 5812] PLAYER: ( 76561198109559631 ) R admin:1 (Kharmavirus) REMOTE PURCHASED ITEM 30Rnd_65x39_caseless_mag FOR 20 POPTABS | PLAYER TOTAL MONEY: 11096
[10:56:31:225962 --7:00] [Thread 3180] PLAYER: ( 76561198109559631 ) R admin:1 (Kharmavirus) REMOTE PURCHASED ITEM 30Rnd_65x39_caseless_mag FOR 20 POPTABS | PLAYER TOTAL MONEY: 11076
[10:56:32:217991 --7:00] [Thread 5812] PLAYER: ( 76561198109559631 ) R admin:1 (Kharmavirus) REMOTE PURCHASED ITEM 30Rnd_65x39_caseless_mag FOR 20 POPTABS | PLAYER TOTAL MONEY: 11056
[10:56:33:169815 --7:00] [Thread 3180] PLAYER: ( 76561198109559631 ) R admin:1 (Kharmavirus) REMOTE PURCHASED ITEM 30Rnd_65x39_caseless_mag FOR 20 POPTABS | PLAYER TOTAL MONEY: 11036
[10:56:51:424495 --7:00] [Thread 5812] PLAYER: ( 76561198109559631 ) R admin:1 (Kharmavirus) REMOTE PURCHASED ITEM acc_flashlight FOR 4 POPTABS | PLAYER TOTAL MONEY: 11032
[10:58:20:795528 --7:00] [Thread 3180] PLAYER: ( 76561198109559631 ) R admin:1 (Kharmavirus) REMOTE PURCHASED ITEM NVGoggles_OPFOR FOR 100 POPTABS | PLAYER TOTAL MONEY: 10932
[10:59:49:355926 --7:00] [Thread 3180] PLAYER: ( 76561198109559631 ) R admin:1 (Kharmavirus) REMOTE PURCHASED ITEM Exile_Item_CanOpener FOR 80 POPTABS | PLAYER TOTAL MONEY: 10852
[14:27:23:789129 --7:00] [Thread 5812] PLAYER: ( 76561198109559631 ) R admin:1 (Kharmavirus) REMOTE SOLD ITEM: Exile_Car_Offroad_Blue (ID# <null>) with Cargo [] FOR 8000 POPTABS AND 800 RESPECT | PLAYER TOTAL MONEY: 14952
[14:30:20:080688 --7:00] [Thread 5812] PLAYER: ( 76561198109559631 ) R admin:1 (Kharmavirus) REMOTE SOLD ITEM hgun_Pistol_heavy_01_F FOR 40 POPTABS AND 4 RESPECT | PLAYER TOTAL MONEY: 14992
[14:30:29:214708 --7:00] [Thread 6844] PLAYER: ( 76561198109559631 ) R admin:1 (Kharmavirus) REMOTE SOLD ITEM arifle_SPAR_01_GL_blk_F FOR 250 POPTABS AND 25 RESPECT | PLAYER TOTAL MONEY: 15242
[14:30:31:262464 --7:00] [Thread 3180] PLAYER: ( 76561198109559631 ) R admin:1 (Kharmavirus) REMOTE SOLD ITEM 30Rnd_556x45_Stanag FOR 10 POPTABS AND 1 RESPECT | PLAYER TOTAL MONEY: 15252
[14:30:32:317837 --7:00] [Thread 5812] PLAYER: ( 76561198109559631 ) R admin:1 (Kharmavirus) REMOTE SOLD ITEM UGL_FlareRed_F FOR 4 POPTABS AND 0.4 RESPECT | PLAYER TOTAL MONEY: 15256
[14:30:33:490795 --7:00] [Thread 6844] PLAYER: ( 76561198109559631 ) R admin:1 (Kharmavirus) REMOTE SOLD ITEM NVGoggles FOR 50 POPTABS AND 5 RESPECT | PLAYER TOTAL MONEY: 15306
[14:31:20:244207 --7:00] [Thread 3180] PLAYER: ( 76561198109559631 ) R admin:1 (Kharmavirus) REMOTE PURCHASED ITEM H_HelmetB_Light_tna_F FOR 20 POPTABS | PLAYER TOTAL MONEY: 15286
[14:31:39:979922 --7:00] [Thread 5812] PLAYER: ( 76561198109559631 ) R admin:1 (Kharmavirus) REMOTE SOLD ITEM H_Booniehat_tna_F FOR 2 POPTABS AND 0.2 RESPECT | PLAYER TOTAL MONEY: 15288
[14:31:49:569606 --7:00] [Thread 5812] PLAYER: ( 76561198109559631 ) R admin:1 (Kharmavirus) REMOTE PURCHASED ITEM G_Balaclava_TI_tna_F FOR 15 POPTABS | PLAYER TOTAL MONEY: 15273
[14:32:51:820460 --7:00] [Thread 6844] PLAYER: ( 76561198109559631 ) R admin:1 (Kharmavirus) REMOTE PURCHASED ITEM V_PlateCarrier2_rgr_noflag_F FOR 60 POPTABS | PLAYER TOTAL MONEY: 15213
[14:33:46:026571 --7:00] [Thread 3180] PLAYER: ( 76561198109559631 ) R admin:1 (Kharmavirus) REMOTE SOLD ITEM V_PlateCarrier1_rgr_noflag_F FOR 25 POPTABS AND 2.5 RESPECT | PLAYER TOTAL MONEY: 15238
[14:35:14:163803 --7:00] [Thread 6844] PLAYER: ( 76561198109559631 ) R admin:1 (Kharmavirus) REMOTE SOLD ITEM 11Rnd_45ACP_Mag FOR 4 POPTABS AND 0.4 RESPECT | PLAYER TOTAL MONEY: 15242
[14:35:15:630932 --7:00] [Thread 3180] PLAYER: ( 76561198109559631 ) R admin:1 (Kharmavirus) REMOTE SOLD ITEM 16Rnd_9x21_Mag FOR 10 POPTABS AND 1 RESPECT | PLAYER TOTAL MONEY: 15252
[14:35:46:222292 --7:00] [Thread 3180] PLAYER: ( 76561198109559631 ) R admin:1 (Kharmavirus) REMOTE PURCHASED ITEM 30Rnd_65x39_caseless_mag FOR 20 POPTABS | PLAYER TOTAL MONEY: 15232
[14:35:47:737901 --7:00] [Thread 6844] PLAYER: ( 76561198109559631 ) R admin:1 (Kharmavirus) REMOTE PURCHASED ITEM 30Rnd_65x39_caseless_mag FOR 20 POPTABS | PLAYER TOTAL MONEY: 15212
[14:35:48:646828 --7:00] [Thread 3180] PLAYER: ( 76561198109559631 ) R admin:1 (Kharmavirus) REMOTE PURCHASED ITEM 30Rnd_65x39_caseless_mag FOR 20 POPTABS | PLAYER TOTAL MONEY: 15192
[14:35:49:578209 --7:00] [Thread 6844] PLAYER: ( 76561198109559631 ) R admin:1 (Kharmavirus) REMOTE PURCHASED ITEM 30Rnd_65x39_caseless_mag FOR 20 POPTABS | PLAYER TOTAL MONEY: 15172
[14:35:50:400356 --7:00] [Thread 3180] PLAYER: ( 76561198109559631 ) R admin:1 (Kharmavirus) REMOTE PURCHASED ITEM 30Rnd_65x39_caseless_mag FOR 20 POPTABS | PLAYER TOTAL MONEY: 15152
[14:35:51:198043 --7:00] [Thread 6844] PLAYER: ( 76561198109559631 ) R admin:1 (Kharmavirus) REMOTE PURCHASED ITEM 30Rnd_65x39_caseless_mag FOR 20 POPTABS | PLAYER TOTAL MONEY: 15132
[14:35:52:105907 --7:00] [Thread 3180] PLAYER: ( 76561198109559631 ) R admin:1 (Kharmavirus) REMOTE PURCHASED ITEM 30Rnd_65x39_caseless_mag FOR 20 POPTABS | PLAYER TOTAL MONEY: 15112
[14:35:53:014154 --7:00] [Thread 6844] PLAYER: ( 76561198109559631 ) R admin:1 (Kharmavirus) REMOTE PURCHASED ITEM 30Rnd_65x39_caseless_mag FOR 20 POPTABS | PLAYER TOTAL MONEY: 15092
[14:35:53:965464 --7:00] [Thread 3180] PLAYER: ( 76561198109559631 ) R admin:1 (Kharmavirus) REMOTE PURCHASED ITEM 30Rnd_65x39_caseless_mag FOR 20 POPTABS | PLAYER TOTAL MONEY: 15072
[14:35:54:847673 --7:00] [Thread 6844] PLAYER: ( 76561198109559631 ) R admin:1 (Kharmavirus) REMOTE PURCHASED ITEM 30Rnd_65x39_caseless_mag FOR 20 POPTABS | PLAYER TOTAL MONEY: 15052
[14:35:55:682552 --7:00] [Thread 3180] PLAYER: ( 76561198109559631 ) R admin:1 (Kharmavirus) REMOTE PURCHASED ITEM 30Rnd_65x39_caseless_mag FOR 20 POPTABS | PLAYER TOTAL MONEY: 15032
[14:40:03:762079 --7:00] [Thread 6844] PLAYER: ( 76561198109559631 ) R admin:1 (Kharmavirus) REMOTE PURCHASED ITEM Exile_Item_CamoTentKit FOR 250 POPTABS | PLAYER TOTAL MONEY: 14782
[14:43:43:634066 --7:00] [Thread 5812] PLAYER: ( 76561198109559631 ) R admin:1 (Kharmavirus) REMOTE PURCHASED VEHICLE Exile_Car_UAZ_Green FOR 7000 POPTABS | PLAYER TOTAL MONEY: 2782
[14:46:48:044144 --7:00] [Thread 3180] PLAYER: ( 76561198109559631 ) R admin:1 (Kharmavirus) REMOTE PURCHASED ITEM Exile_Item_Grinder FOR 1250 POPTABS | PLAYER TOTAL MONEY: 1532
[14:46:49:784524 --7:00] [Thread 3180] PLAYER: ( 76561198109559631 ) R admin:1 (Kharmavirus) REMOTE PURCHASED ITEM Exile_Item_Handsaw FOR 500 POPTABS | PLAYER TOTAL MONEY: 1032
[14:46:51:662351 --7:00] [Thread 6844] PLAYER: ( 76561198109559631 ) R admin:1 (Kharmavirus) REMOTE PURCHASED ITEM Exile_Item_Pliers FOR 350 POPTABS | PLAYER TOTAL MONEY: 682
[14:55:29:965206 --7:00] [Thread 3180] PLAYER: ( 76561198109559631 ) R admin:1 (Kharmavirus) REMOTE PURCHASED ITEM Exile_Item_CodeLock FOR 5000 POPTABS | PLAYER TOTAL MONEY: 5682
[15:31:30:331499 --7:00] [Thread 5812] PLAYER: ( 76561198109559631 ) R admin:1 (Kharmavirus) REMOTE SOLD ITEM: Exile_Car_Van_Box_Guerilla05 (ID# <null>) with Cargo ["Exile_Item_MobilePhone","Exile_Item_ToiletPaper","30Rnd_9x21_Red_Mag","30Rnd_9x21_Red_Mag","30Rnd_9x21_Yellow_Mag","30Rnd_9x21_Yellow_Mag","30Rnd_9x21_Red_Mag","30Rnd_9x21_Red_Mag","30Rnd_9x21_Red_Mag","30Rnd_9x21_Yellow_Mag","30Rnd_9x21_Yellow_Mag","30Rnd_9x21_Red_Mag","Exile_Item_MetalPole","30Rnd_65x39_caseless_green","20Rnd_762x51_Mag","20Rnd_762x51_Mag","Exile_Item_PlasticBottleEmpty","30Rnd_65x39_caseless_green","Exile_Item_FuelCanisterEmpty","Exile_Item_PlasticBottleEmpty","hgun_Rook40_F","16Rnd_9x21_Mag","arifle_Katiba_F","30Rnd_65x39_caseless_green","arifle_Katiba_F","30Rnd_65x39_caseless_green","hgun_P07_F","16Rnd_9x21_Mag","H_CrewHelmetHeli_I","V_PlateCarrierH_CTRG","U_B_CombatUniform_mcam_tshirt","H_CrewHelmetHeli_B","H_HelmetB_light_desert","U_B_T_Soldier_AR_F","V_TacVest_oli"] FOR 9929 POPTABS AND 992.9 RESPECT | PLAYER TOTAL MONEY: 9969
