extDB2: Version: 70
extDB2: https://github.com/Torndeco/extDB2
extDB2: Windows Version
Message: All development for extDB2 is done on a Linux Dedicated Server
Message: If you would like to Donate to extDB2 Development
Message: https://www.paypal.com/cgi-bin/webscr?cmd=_s-xclick&hosted_button_id=2SUEFTGABTAM2
Message: Also leave a message if there is any particular feature you would like to see added.
Message: Thanks for all the people that have donated.
Message: Torndeco: 20/02/15


extDB2: Found extdb-conf.ini
extDB2: Detected 8 Cores, Setting up 6 Worker Threads


[13:28:03:008659 --7:00] [Thread 4212] extDB2: Database Type: MySQL
[13:28:03:010491 --7:00] [Thread 4212] extDB2: Database Session Pool Started
[13:28:03:013674 --7:00] [Thread 4212] extDB2: SQL_CUSTOM_V2: Loading Template Filename: C:\TCAFiles\Users\PaulA\1157\@ExileServer\extDB\sql_custom_v2\exile.ini
[13:28:03:013960 --7:00] [Thread 4212] extDB2: SQL_CUSTOM_V2: Version 12 Detected, Latest Version 12 Available
[13:28:03:730037 --7:00] [Thread 2432] extDB2: SQL_CUSTOM_V2: Error No Custom Call Not Found: Input String insert_infiSTARLog:CONNECTLOG:infiSTAR_PlayerDisconnected_id  0
[13:28:03:730079 --7:00] [Thread 2432] extDB2: SQL_CUSTOM_V2: Error No Custom Call Not Found: Callname insert_infiSTARLog
[13:28:03:730270 --7:00] [Thread 5800] extDB2: SQL_CUSTOM_V2: Error No Custom Call Not Found: Input String insert_infiSTARLog:CONNECTLOG:infiSTAR_PlayerConnected_id  1
[13:28:03:730296 --7:00] [Thread 5800] extDB2: SQL_CUSTOM_V2: Error No Custom Call Not Found: Callname insert_infiSTARLog
[13:28:03:730340 --7:00] [Thread 2736] extDB2: SQL_CUSTOM_V2: Error No Custom Call Not Found: Input String insert_infiSTARLog:SERVER_INFO:[SERVER START] TIME  0 || EMAIL  paulgali@icloud.com || VERSION  14-Nov-2016 20-15-02 - v0065a || Local Server Time  [2016,11,14,13,28]
[13:28:03:730356 --7:00] [Thread 2736] extDB2: SQL_CUSTOM_V2: Error No Custom Call Not Found: Callname insert_infiSTARLog
[13:28:04:166097 --7:00] [Thread 5800] extDB2: SQL_CUSTOM_V2: Error No Custom Call Not Found: Input String insert_infiSTARLog:CONNECTLOG:#0 Connected  __SERVER__( - 2)
[13:28:04:166141 --7:00] [Thread 5800] extDB2: SQL_CUSTOM_V2: Error No Custom Call Not Found: Callname insert_infiSTARLog
