extDB2: Version: 70
extDB2: https://github.com/Torndeco/extDB2
extDB2: Windows Version
Message: All development for extDB2 is done on a Linux Dedicated Server
Message: If you would like to Donate to extDB2 Development
Message: https://www.paypal.com/cgi-bin/webscr?cmd=_s-xclick&hosted_button_id=2SUEFTGABTAM2
Message: Also leave a message if there is any particular feature you would like to see added.
Message: Thanks for all the people that have donated.
Message: Torndeco: 20/02/15


extDB2: Found extdb-conf.ini
extDB2: Detected 8 Cores, Setting up 6 Worker Threads


[14:30:07:183966 --7:00] [Thread 7132] extDB2: Database Type: MySQL
[14:30:07:196098 --7:00] [Thread 7132] extDB2: Database Session Pool Started
[14:30:07:201440 --7:00] [Thread 7132] extDB2: SQL_CUSTOM_V2: Loading Template Filename: C:\TCAFiles\Users\PaulA\1157\@ExileServer\extDB\sql_custom_v2\exile.ini
[14:30:07:201974 --7:00] [Thread 7132] extDB2: SQL_CUSTOM_V2: Version 12 Detected, Latest Version 12 Available
[14:30:08:043266 --7:00] [Thread 4116] extDB2: SQL_CUSTOM_V2: Error No Custom Call Not Found: Input String insert_infiSTARLog:CONNECTLOG:infiSTAR_PlayerConnected_id  1
[14:30:08:043724 --7:00] [Thread 4116] extDB2: SQL_CUSTOM_V2: Error No Custom Call Not Found: Callname insert_infiSTARLog
[14:30:08:043375 --7:00] [Thread 6172] extDB2: SQL_CUSTOM_V2: Error No Custom Call Not Found: Input String insert_infiSTARLog:CONNECTLOG:infiSTAR_PlayerDisconnected_id  0
[14:30:08:043817 --7:00] [Thread 6172] extDB2: SQL_CUSTOM_V2: Error No Custom Call Not Found: Callname insert_infiSTARLog
[14:30:08:044320 --7:00] [Thread 6172] extDB2: SQL_CUSTOM_V2: Error No Custom Call Not Found: Input String insert_infiSTARLog:SERVER_INFO:[SERVER START] TIME  0 || EMAIL  paulgali@icloud.com || VERSION  14-Nov-2016 20-15-02 - v0065a || Local Server Time  [2016,11,15,14,30]
[14:30:08:044351 --7:00] [Thread 6172] extDB2: SQL_CUSTOM_V2: Error No Custom Call Not Found: Callname insert_infiSTARLog
[14:30:08:277933 --7:00] [Thread 6172] extDB2: SQL_CUSTOM_V2: Error No Custom Call Not Found: Input String insert_infiSTARLog:CONNECTLOG:#0 Connected  __SERVER__( - 2)
[14:30:08:277989 --7:00] [Thread 6172] extDB2: SQL_CUSTOM_V2: Error No Custom Call Not Found: Callname insert_infiSTARLog
[14:30:49:640357 --7:00] [Thread 5832] extDB2: SQL_CUSTOM_V2: Error No Custom Call Not Found: Input String insert_infiSTARLog:CONNECTLOG:#0 Connected  paulgali(76561198045911270 - 3)
[14:30:49:640433 --7:00] [Thread 5832] extDB2: SQL_CUSTOM_V2: Error No Custom Call Not Found: Callname insert_infiSTARLog
[14:30:49:641289 --7:00] [Thread 5832] extDB2: SQL_CUSTOM_V2: Error No Custom Call Not Found: Input String insert_infiSTARLog:TOKENLOG:TOKEN [y5y2ujsqw0fs8plr6q] FOR paulgali(76561198045911270) OWNER ID  3
[14:30:49:641341 --7:00] [Thread 5832] extDB2: SQL_CUSTOM_V2: Error No Custom Call Not Found: Callname insert_infiSTARLog
[14:30:51:952955 --7:00] [Thread 664] extDB2: SQL_CUSTOM_V2: Error No Custom Call Not Found: Input String insert_infiSTARLog:CONNECTLOG:#1 Connected  paulgali(76561198045911270 - 3) SteamName  paulgali395   [UpTime  0h 0min 17s - ServerFPS  20.5656]
[14:30:51:953015 --7:00] [Thread 664] extDB2: SQL_CUSTOM_V2: Error No Custom Call Not Found: Callname insert_infiSTARLog
[14:30:57:071483 --7:00] [Thread 5832] extDB2: SQL_CUSTOM_V2: Error No Custom Call Not Found: Input String insert_infiSTARLog:CONNECTLOG:#0 Connected  Kharmavirus(76561198109559631 - 4)
[14:30:57:071550 --7:00] [Thread 5832] extDB2: SQL_CUSTOM_V2: Error No Custom Call Not Found: Callname insert_infiSTARLog
[14:30:57:072133 --7:00] [Thread 5832] extDB2: SQL_CUSTOM_V2: Error No Custom Call Not Found: Input String insert_infiSTARLog:TOKENLOG:TOKEN [tghxish02wgevis4] FOR Kharmavirus(76561198109559631) OWNER ID  4
[14:30:57:072167 --7:00] [Thread 5832] extDB2: SQL_CUSTOM_V2: Error No Custom Call Not Found: Callname insert_infiSTARLog
[14:30:58:162405 --7:00] [Thread 664] extDB2: SQL_CUSTOM_V2: Error No Custom Call Not Found: Input String insert_infiSTARLog:CONNECTLOG:#1 Connected  Kharmavirus(76561198109559631 - 4) SteamName  kharmavirus   [UpTime  0h 0min 22s - ServerFPS  42.328]
[14:30:58:162530 --7:00] [Thread 664] extDB2: SQL_CUSTOM_V2: Error No Custom Call Not Found: Callname insert_infiSTARLog
[14:31:25:290843 --7:00] [Thread 664] extDB2: SQL_CUSTOM_V2: Error No Custom Call Not Found: Input String insert_infiSTARLog:netids:paulgali(76561198045911270) - R admin 2 (paulgali) REMOTE, Exile_Unit_Player - 2 1258 - 3
[14:31:25:290928 --7:00] [Thread 664] extDB2: SQL_CUSTOM_V2: Error No Custom Call Not Found: Callname insert_infiSTARLog
[14:31:25:292169 --7:00] [Thread 664] extDB2: SQL_CUSTOM_V2: Error No Custom Call Not Found: Input String insert_infiSTARLog:netids:Kharmavirus(76561198109559631) - R GRP 1 1 (Kharmavirus) REMOTE, Exile_Unit_Player - 2 1243 - 4
[14:31:25:292221 --7:00] [Thread 664] extDB2: SQL_CUSTOM_V2: Error No Custom Call Not Found: Callname insert_infiSTARLog
[14:32:25:950259 --7:00] [Thread 664] extDB2: SQL_CUSTOM_V2: Error No Custom Call Not Found: Input String insert_infiSTARLog:ADMINLOG:Kharmavirus(76561198109559631) | spawning BRDM-2 (HQ) (Exile_Car_BRDM2_HQ) (Persistent)
[14:32:25:950324 --7:00] [Thread 664] extDB2: SQL_CUSTOM_V2: Error No Custom Call Not Found: Callname insert_infiSTARLog
[14:33:03:235713 --7:00] [Thread 664] extDB2: SQL_CUSTOM_V2: Error No Custom Call Not Found: Input String insert_infiSTARLog:ADMINLOG:paulgali(76561198045911270) | Teleport - Me To Target - Kharmavirus(76561198109559631)
[14:33:03:235768 --7:00] [Thread 664] extDB2: SQL_CUSTOM_V2: Error No Custom Call Not Found: Callname insert_infiSTARLog
