[07:10:54:181823 --7:00] [Thread 6320] PLAYER: ( 76561198003530549 ) R Alpha 1-2:1 (swemg) REMOTE PURCHASED VEHICLE B_Plane_CAS_01_F FOR 550000 POPTABS | PLAYER TOTAL MONEY: 4.95e+007
[07:23:47:837621 --7:00] [Thread 6644] PLAYER: ( 76561198003530549 ) R Alpha 1-2:1 (swemg) REMOTE PURCHASED VEHICLE B_Plane_CAS_01_F FOR 550000 POPTABS | PLAYER TOTAL MONEY: 4.895e+007
[10:14:05:017461 --7:00] [Thread 1704] PLAYER: ( 76561198109559631 ) R GRP:1:3 (Kharmavirus) REMOTE SOLD ITEM Exile_Item_Matches FOR 30 POPTABS AND 3 RESPECT | PLAYER TOTAL MONEY: 50
[10:14:07:121246 --7:00] [Thread 3484] PLAYER: ( 76561198109559631 ) R GRP:1:3 (Kharmavirus) REMOTE SOLD ITEM SmokeShellPurple FOR 3 POPTABS AND 0.3 RESPECT | PLAYER TOTAL MONEY: 53
[10:14:14:233536 --7:00] [Thread 6912] PLAYER: ( 76561198109559631 ) R GRP:1:3 (Kharmavirus) REMOTE SOLD ITEM hgun_Rook40_F FOR 25 POPTABS AND 2.5 RESPECT | PLAYER TOTAL MONEY: 78
[10:14:21:215639 --7:00] [Thread 1704] PLAYER: ( 76561198109559631 ) R GRP:1:3 (Kharmavirus) REMOTE SOLD ITEM Exile_Item_DuctTape FOR 150 POPTABS AND 15 RESPECT | PLAYER TOTAL MONEY: 228
[10:14:24:918045 --7:00] [Thread 6912] PLAYER: ( 76561198109559631 ) R GRP:1:3 (Kharmavirus) REMOTE SOLD ITEM Exile_Item_MobilePhone FOR 250 POPTABS AND 25 RESPECT | PLAYER TOTAL MONEY: 478
[11:05:07:903665 --7:00] [Thread 6684] PLAYER: ( 76561198109559631 ) R GRP:1:1 (Kharmavirus) REMOTE SOLD ITEM Exile_Item_Codelock FOR 2500 POPTABS AND 250 RESPECT | PLAYER TOTAL MONEY: 3098
[11:05:45:166176 --7:00] [Thread 6452] PLAYER: ( 76561198109559631 ) R GRP:1:1 (Kharmavirus) REMOTE SOLD ITEM SMG_01_F FOR 75 POPTABS AND 7.5 RESPECT | PLAYER TOTAL MONEY: 3173
[11:05:48:035829 --7:00] [Thread 6684] PLAYER: ( 76561198109559631 ) R GRP:1:1 (Kharmavirus) REMOTE SOLD ITEM 30Rnd_45ACP_Mag_SMG_01_Tracer_Yellow FOR 5 POPTABS AND 0.5 RESPECT | PLAYER TOTAL MONEY: 3178
[11:05:49:745977 --7:00] [Thread 6452] PLAYER: ( 76561198109559631 ) R GRP:1:1 (Kharmavirus) REMOTE SOLD ITEM muzzle_snds_acp FOR 5 POPTABS AND 0.5 RESPECT | PLAYER TOTAL MONEY: 3183
[11:05:51:039008 --7:00] [Thread 5852] PLAYER: ( 76561198109559631 ) R GRP:1:1 (Kharmavirus) REMOTE SOLD ITEM 30Rnd_45ACP_Mag_SMG_01_Tracer_Yellow FOR 5 POPTABS AND 0.5 RESPECT | PLAYER TOTAL MONEY: 3188
[11:05:57:383395 --7:00] [Thread 6452] PLAYER: ( 76561198109559631 ) R GRP:1:1 (Kharmavirus) REMOTE SOLD ITEM 30Rnd_45ACP_Mag_SMG_01 FOR 5 POPTABS AND 0.5 RESPECT | PLAYER TOTAL MONEY: 3193
[11:06:09:367425 --7:00] [Thread 6684] PLAYER: ( 76561198109559631 ) R GRP:1:1 (Kharmavirus) REMOTE SOLD ITEM 30Rnd_45ACP_Mag_SMG_01_Tracer_Green FOR 5 POPTABS AND 0.5 RESPECT | PLAYER TOTAL MONEY: 3198
[11:06:16:987910 --7:00] [Thread 6452] PLAYER: ( 76561198109559631 ) R GRP:1:1 (Kharmavirus) REMOTE SOLD ITEM 30Rnd_9x21_Green_Mag FOR 15 POPTABS AND 1.5 RESPECT | PLAYER TOTAL MONEY: 3213
[11:07:17:314011 --7:00] [Thread 6684] PLAYER: ( 76561198109559631 ) R GRP:1:1 (Kharmavirus) REMOTE PURCHASED ITEM muzzle_snds_65_TI_ghex_F FOR 50 POPTABS | PLAYER TOTAL MONEY: 3163
[11:08:21:348775 --7:00] [Thread 6452] PLAYER: ( 76561198109559631 ) R GRP:1:1 (Kharmavirus) REMOTE SOLD ITEM 20Rnd_762x51_Mag FOR 10 POPTABS AND 1 RESPECT | PLAYER TOTAL MONEY: 3173
[11:09:44:759288 --7:00] [Thread 6452] PLAYER: ( 76561198109559631 ) R GRP:1:1 (Kharmavirus) REMOTE PURCHASED ITEM 20Rnd_650x39_Cased_Mag_F FOR 20 POPTABS | PLAYER TOTAL MONEY: 3153
[11:09:45:963510 --7:00] [Thread 5852] PLAYER: ( 76561198109559631 ) R GRP:1:1 (Kharmavirus) REMOTE PURCHASED ITEM 20Rnd_650x39_Cased_Mag_F FOR 20 POPTABS | PLAYER TOTAL MONEY: 3133
[11:10:16:469024 --7:00] [Thread 6452] PLAYER: ( 76561198109559631 ) R GRP:1:1 (Kharmavirus) REMOTE PURCHASED ITEM H_HelmetB_TI_tna_F FOR 30 POPTABS | PLAYER TOTAL MONEY: 3103
[11:10:48:418857 --7:00] [Thread 6684] PLAYER: ( 76561198109559631 ) R GRP:1:1 (Kharmavirus) REMOTE SOLD ITEM H_HelmetB_light_grass FOR 10 POPTABS AND 1 RESPECT | PLAYER TOTAL MONEY: 3113
[11:11:42:017512 --7:00] [Thread 5852] PLAYER: ( 76561198109559631 ) R GRP:1:1 (Kharmavirus) REMOTE PURCHASED ITEM V_PlateCarrier1_rgr FOR 80 POPTABS | PLAYER TOTAL MONEY: 3033
[11:12:30:789107 --7:00] [Thread 5852] PLAYER: ( 76561198109559631 ) R GRP:1:1 (Kharmavirus) REMOTE SOLD ITEM V_TacVest_blk_POLICE FOR 25 POPTABS AND 2.5 RESPECT | PLAYER TOTAL MONEY: 3058
