[17:35:42:106124 --7:00] [Thread 6776] swemg was killed by an NPC!
[18:47:45:713602 --7:00] [Thread 5184] =EL= ICE died for an unknown reason!
[18:48:43:999606 --7:00] [Thread 1768] =EL= ICE commited suicide!
[18:50:01:856433 --7:00] [Thread 5184] =EL= ICE crashed to death!
[18:59:39:918091 --7:00] [Thread 3140] =EL= ICE commited suicide!
[19:06:34:038498 --7:00] [Thread 5432] =EL= ICE was killed by swemg! (First Blood, Mad Passenger)
[19:10:46:319861 --7:00] [Thread 4432] =EL= ICE was killed by swemg! (Domination, Big Bird)
[19:12:48:314026 --7:00] [Thread 5432] =EL= ICE died for an unknown reason!
[19:13:51:933368 --7:00] [Thread 4432] =EL= ICE commited suicide!
[19:14:31:784838 --7:00] [Thread 4432] =EL= ICE was killed by swemg! (BAMBI SLAYER)
[19:22:40:153098 --7:00] [Thread 3260] =EL= ICE was killed by swemg! (Domination, Big Bird)
[19:52:00:968411 --7:00] [Thread 3260] =EL= ICE was killed by swemg! (Domination, 629m Range)
[19:58:35:259177 --7:00] [Thread 1344] =EL= ICE commited suicide!
[20:14:04:023689 --7:00] [Thread 6920] swemg commited suicide!
[01:09:48:930957 --7:00] [Thread 4768] paulgali died for an unknown reason!
[01:43:09:830358 --7:00] [Thread 6828] Kharmavirus died for an unknown reason!
[01:46:29:396042 --7:00] [Thread 4768] Kharmavirus died for an unknown reason!
[02:52:27:672548 --7:00] [Thread 6264] Kharmavirus crashed to death!
[06:30:42:834869 --7:00] [Thread 5536] Kharmavirus was killed by an NPC!
[07:21:22:052960 --7:00] [Thread 5548] swemg was killed by an NPC!
[07:21:46:116481 --7:00] [Thread 3256] swemg commited suicide!
[09:15:09:355407 --7:00] [Thread 6108] swemg commited suicide!
[15:17:44:592876 --7:00] [Thread 7048] Kharmavirus was killed by an NPC!
[15:22:06:099081 --7:00] [Thread 7084] =EL= ICE was killed by an NPC!
[15:41:17:172752 --7:00] [Thread 6580] =EL= ICE was killed by an NPC!
[15:42:44:966881 --7:00] [Thread 3084] Kharmavirus commited suicide!
[15:52:46:028735 --7:00] [Thread 6580] =EL= ICE was killed by an NPC!
[15:54:00:621596 --7:00] [Thread 7084] Kharmavirus was killed by an NPC!
[15:59:10:303815 --7:00] [Thread 7048] =EL= ICE was killed by an NPC!
